#
# There is insufficient memory for the Java Runtime Environment to continue.
# Native memory allocation (mmap) failed to map 65536 bytes. Error detail: Failed to commit metaspace.
# Possible reasons:
#   The system is out of physical RAM or swap space
#   This process is running with CompressedOops enabled, and the Java Heap may be blocking the growth of the native heap
# Possible solutions:
#   Reduce memory load on the system
#   Increase physical memory or swap space
#   Check if swap backing store is full
#   Decrease Java heap size (-Xmx/-Xms)
#   Decrease number of Java threads
#   Decrease Java thread stack sizes (-Xss)
#   Set larger code cache with -XX:ReservedCodeCacheSize=
#   JVM is running with Unscaled Compressed Oops mode in which the Java heap is
#     placed in the first 4GB address space. The Java Heap base address is the
#     maximum limit for the native heap growth. Please use -XX:HeapBaseMinAddress
#     to set the Java Heap base and to place the Java Heap above 4GB virtual address.
# This output file may be truncated or incomplete.
#
#  Out of Memory Error (virtualSpaceNode.cpp:113), pid=17548, tid=452
#
# JRE version: OpenJDK Runtime Environment JBR-21.0.6+8-631.39-jcef (21.0.6+8) (build 21.0.6+8-b631.39)
# Java VM: OpenJDK 64-Bit Server VM JBR-21.0.6+8-631.39-jcef (21.0.6+8-b631.39, mixed mode, sharing, tiered, compressed oops, compressed class ptrs, g1 gc, windows-amd64)
# No core dump will be written. Minidumps are not enabled by default on client versions of Windows
#

---------------  S U M M A R Y ------------

Command Line: git4idea.http.GitAskPassApp Username for 'https://github.com': 

Host: Intel(R) Core(TM) i7-6600U CPU @ 2.60GHz, 4 cores, 7G,  Windows 10 , 64 bit Build 19041 (10.0.19041.5438)
Time: Thu Apr 17 20:05:30 2025 Egypt Standard Time elapsed time: 0.380679 seconds (0d 0h 0m 0s)

---------------  T H R E A D  ---------------

Current thread (0x0000021a0cb1fd20):  JavaThread "main"             [_thread_in_vm, id=452, stack(0x000000db8fe00000,0x000000db8ff00000) (1024K)]

Stack: [0x000000db8fe00000,0x000000db8ff00000]
Native frames: (J=compiled Java code, j=interpreted, Vv=VM code, C=native code)
V  [jvm.dll+0x6e5d39]
V  [jvm.dll+0x8c4133]
V  [jvm.dll+0x8c668e]
V  [jvm.dll+0x8c6d73]
V  [jvm.dll+0x288f76]
V  [jvm.dll+0x8bef7e]
V  [jvm.dll+0x686a35]
V  [jvm.dll+0x1eacb1]
V  [jvm.dll+0x1eaa7e]
V  [jvm.dll+0x689348]
V  [jvm.dll+0x689182]
V  [jvm.dll+0x6873ee]
V  [jvm.dll+0x3cd1cf]
V  [jvm.dll+0x21514b]
V  [jvm.dll+0x5c455f]
V  [jvm.dll+0x83bb02]
V  [jvm.dll+0x83ba54]
V  [jvm.dll+0x4808ac]
V  [jvm.dll+0x493e76]
C  [java.dll+0x1657]

Java frames: (J=compiled Java code, j=interpreted, Vv=VM code)
j  java.lang.ClassLoader.defineClass0(Ljava/lang/ClassLoader;Ljava/lang/Class;Ljava/lang/String;[BIILjava/security/ProtectionDomain;ZILjava/lang/Object;)Ljava/lang/Class;+0 java.base@21.0.6
j  java.lang.System$2.defineClass(Ljava/lang/ClassLoader;Ljava/lang/Class;Ljava/lang/String;[BLjava/security/ProtectionDomain;ZILjava/lang/Object;)Ljava/lang/Class;+17 java.base@21.0.6
j  java.lang.invoke.MethodHandles$Lookup$ClassDefiner.defineClass(ZLjava/lang/Object;)Ljava/lang/Class;+57 java.base@21.0.6
j  java.lang.invoke.InvokerBytecodeGenerator.loadMethod([B)Ljava/lang/invoke/MemberName;+22 java.base@21.0.6
j  java.lang.invoke.InvokerBytecodeGenerator.generateCustomizedCode(Ljava/lang/invoke/LambdaForm;Ljava/lang/invoke/MethodType;)Ljava/lang/invoke/MemberName;+30 java.base@21.0.6
j  java.lang.invoke.LambdaForm.compileToBytecode()V+69 java.base@21.0.6
j  java.lang.invoke.LambdaForm.prepare()V+21 java.base@21.0.6
j  java.lang.invoke.MethodHandle.<init>(Ljava/lang/invoke/MethodType;Ljava/lang/invoke/LambdaForm;)V+33 java.base@21.0.6
j  java.lang.invoke.BoundMethodHandle.<init>(Ljava/lang/invoke/MethodType;Ljava/lang/invoke/LambdaForm;)V+3 java.base@21.0.6
j  java.lang.invoke.BoundMethodHandle$Species_LL.<init>(Ljava/lang/invoke/MethodType;Ljava/lang/invoke/LambdaForm;Ljava/lang/Object;Ljava/lang/Object;)V+3 java.base@21.0.6
j  java.lang.invoke.BoundMethodHandle$Species_LL.make(Ljava/lang/invoke/MethodType;Ljava/lang/invoke/LambdaForm;Ljava/lang/Object;Ljava/lang/Object;)Ljava/lang/invoke/BoundMethodHandle;+8 java.base@21.0.6
j  java.lang.invoke.DirectMethodHandle$Holder.invokeStatic(Ljava/lang/Object;Ljava/lang/Object;Ljava/lang/Object;Ljava/lang/Object;Ljava/lang/Object;)Ljava/lang/Object;+16 java.base@21.0.6
j  java.lang.invoke.BoundMethodHandle$Species_L.copyWithExtendL(Ljava/lang/invoke/MethodType;Ljava/lang/invoke/LambdaForm;Ljava/lang/Object;)Ljava/lang/invoke/BoundMethodHandle;+19 java.base@21.0.6
j  java.lang.invoke.MethodHandle.asCollector(ILjava/lang/Class;I)Ljava/lang/invoke/MethodHandle;+62 java.base@21.0.6
j  java.lang.invoke.MethodHandle.asCollector(Ljava/lang/Class;I)Ljava/lang/invoke/MethodHandle;+12 java.base@21.0.6
j  java.lang.invoke.MethodHandleImpl$AsVarargsCollector.asTypeUncached(Ljava/lang/invoke/MethodType;)Ljava/lang/invoke/MethodHandle;+98 java.base@21.0.6
j  java.lang.invoke.MethodHandle.asType(Ljava/lang/invoke/MethodType;)Ljava/lang/invoke/MethodHandle;+25 java.base@21.0.6
j  java.lang.invoke.Invokers.checkGenericType(Ljava/lang/invoke/MethodHandle;Ljava/lang/invoke/MethodType;)Ljava/lang/invoke/MethodHandle;+2 java.base@21.0.6
j  java.lang.invoke.LambdaForm$MH+0x0000021a2800e400.invoke_MT(Ljava/lang/Object;Ljava/lang/Object;Ljava/lang/Object;Ljava/lang/Object;Ljava/lang/Object;Ljava/lang/Object;Ljava/lang/Object;Ljava/lang/Object;Ljava/lang/Object;Ljava/lang/Object;)Ljava/lang/Object;+9 java.base@21.0.6
j  java.lang.invoke.BootstrapMethodInvoker.invoke(Ljava/lang/Class;Ljava/lang/invoke/MethodHandle;Ljava/lang/String;Ljava/lang/Object;Ljava/lang/Object;Ljava/lang/Class;)Ljava/lang/Object;+894 java.base@21.0.6
j  java.lang.invoke.CallSite.makeSite(Ljava/lang/invoke/MethodHandle;Ljava/lang/String;Ljava/lang/invoke/MethodType;Ljava/lang/Object;Ljava/lang/Class;)Ljava/lang/invoke/CallSite;+8 java.base@21.0.6
j  java.lang.invoke.MethodHandleNatives.linkCallSiteImpl(Ljava/lang/Class;Ljava/lang/invoke/MethodHandle;Ljava/lang/String;Ljava/lang/invoke/MethodType;Ljava/lang/Object;[Ljava/lang/Object;)Ljava/lang/invoke/MemberName;+6 java.base@21.0.6
j  java.lang.invoke.MethodHandleNatives.linkCallSite(Ljava/lang/Object;Ljava/lang/Object;Ljava/lang/Object;Ljava/lang/Object;Ljava/lang/Object;[Ljava/lang/Object;)Ljava/lang/invoke/MemberName;+45 java.base@21.0.6
v  ~StubRoutines::call_stub 0x0000021a1a1c100d
j  jdk.internal.net.http.common.DebugLogger$LoggerConfig.equals(Ljava/lang/Object;)Z+2 java.net.http@21.0.6
j  jdk.internal.net.http.common.DebugLogger$LoggerConfig.of(Ljdk/internal/net/http/common/DebugLogger$LoggerConfig;)Ljdk/internal/net/http/common/DebugLogger$LoggerConfig;+4 java.net.http@21.0.6
j  jdk.internal.net.http.common.DebugLogger.<init>(Ljava/lang/System$Logger;Ljava/util/function/Supplier;Ljdk/internal/net/http/common/DebugLogger$LoggerConfig;)V+17 java.net.http@21.0.6
j  jdk.internal.net.http.common.DebugLogger.<clinit>()V+41 java.net.http@21.0.6
v  ~StubRoutines::call_stub 0x0000021a1a1c100d
j  jdk.internal.net.http.common.Utils.getDebugLogger(Ljava/util/function/Supplier;Z)Ljdk/internal/net/http/common/Logger;+16 java.net.http@21.0.6
j  jdk.internal.net.http.HttpClientImpl.<init>(Ljdk/internal/net/http/HttpClientBuilderImpl;Ljdk/internal/net/http/HttpClientImpl$SingleFacadeFactory;)V+14 java.net.http@21.0.6
j  jdk.internal.net.http.HttpClientImpl.create(Ljdk/internal/net/http/HttpClientBuilderImpl;)Ljdk/internal/net/http/HttpClientFacade;+14 java.net.http@21.0.6
j  jdk.internal.net.http.HttpClientBuilderImpl.build()Ljava/net/http/HttpClient;+1 java.net.http@21.0.6
j  externalApp.ExternalAppUtil.sendIdeRequest(Ljava/lang/String;ILjava/lang/String;Ljava/lang/String;)LexternalApp/ExternalAppUtil$Result;+77
j  git4idea.http.GitAskPassApp.main([Ljava/lang/String;)V+37
v  ~StubRoutines::call_stub 0x0000021a1a1c100d

---------------  P R O C E S S  ---------------

Threads class SMR info:
_java_thread_list=0x0000021a26bdc1b0, length=11, elements={
0x0000021a0cb1fd20, 0x0000021a2692ca80, 0x0000021a2692d990, 0x0000021a269310b0,
0x0000021a269347b0, 0x0000021a269359a0, 0x0000021a26936b90, 0x0000021a2695d5d0,
0x0000021a26a92c40, 0x0000021a26bd6580, 0x0000021a26bdc3f0
}

Java Threads: ( => current thread )
=>0x0000021a0cb1fd20 JavaThread "main"                              [_thread_in_vm, id=452, stack(0x000000db8fe00000,0x000000db8ff00000) (1024K)]
  0x0000021a2692ca80 JavaThread "Reference Handler"          daemon [_thread_blocked, id=5324, stack(0x000000db90600000,0x000000db90700000) (1024K)]
  0x0000021a2692d990 JavaThread "Finalizer"                  daemon [_thread_blocked, id=11796, stack(0x000000db90700000,0x000000db90800000) (1024K)]
  0x0000021a269310b0 JavaThread "Signal Dispatcher"          daemon [_thread_blocked, id=13172, stack(0x000000db90800000,0x000000db90900000) (1024K)]
  0x0000021a269347b0 JavaThread "Attach Listener"            daemon [_thread_blocked, id=15724, stack(0x000000db90900000,0x000000db90a00000) (1024K)]
  0x0000021a269359a0 JavaThread "Service Thread"             daemon [_thread_blocked, id=12328, stack(0x000000db90a00000,0x000000db90b00000) (1024K)]
  0x0000021a26936b90 JavaThread "Monitor Deflation Thread"   daemon [_thread_blocked, id=5660, stack(0x000000db90b00000,0x000000db90c00000) (1024K)]
  0x0000021a2695d5d0 JavaThread "C2 CompilerThread0"         daemon [_thread_in_native, id=8972, stack(0x000000db90c00000,0x000000db90d00000) (1024K)]
  0x0000021a26a92c40 JavaThread "C1 CompilerThread0"         daemon [_thread_in_native, id=11568, stack(0x000000db90d00000,0x000000db90e00000) (1024K)]
  0x0000021a26bd6580 JavaThread "Notification Thread"        daemon [_thread_blocked, id=16732, stack(0x000000db90e00000,0x000000db90f00000) (1024K)]
  0x0000021a26bdc3f0 JavaThread "Common-Cleaner"             daemon [_thread_blocked, id=14988, stack(0x000000db90f00000,0x000000db91000000) (1024K)]
Total: 11

Other Threads:
  0x0000021a2690ee00 VMThread "VM Thread"                           [id=16396, stack(0x000000db90500000,0x000000db90600000) (1024K)]
  0x0000021a268fe740 WatcherThread "VM Periodic Task Thread"        [id=1856, stack(0x000000db90400000,0x000000db90500000) (1024K)]
  0x0000021a0ed42e90 WorkerThread "GC Thread#0"                     [id=7728, stack(0x000000db8ff00000,0x000000db90000000) (1024K)]
  0x0000021a0ed92010 ConcurrentGCThread "G1 Main Marker"            [id=9252, stack(0x000000db90000000,0x000000db90100000) (1024K)]
  0x0000021a0ed946c0 WorkerThread "G1 Conc#0"                       [id=11956, stack(0x000000db90100000,0x000000db90200000) (1024K)]
  0x0000021a267c35f0 ConcurrentGCThread "G1 Refine#0"               [id=2968, stack(0x000000db90200000,0x000000db90300000) (1024K)]
  0x0000021a267c3f70 ConcurrentGCThread "G1 Service"                [id=17988, stack(0x000000db90300000,0x000000db90400000) (1024K)]
Total: 7

Threads with active compile tasks:
C2 CompilerThread0  422  511       4       jdk.internal.org.objectweb.asm.ByteVector::putUTF8 (144 bytes)
C1 CompilerThread0  422  504       3       jdk.internal.org.objectweb.asm.Frame::execute (2305 bytes)
Total: 2

VM state: not at safepoint (normal execution)

VM Mutex/Monitor currently owned by a thread:  ([mutex/lock_event])
[0x00007ffb4344c830] Metaspace_lock - owner thread: 0x0000021a0cb1fd20

Heap address: 0x0000000081a00000, size: 2022 MB, Compressed Oops mode: 32-bit

CDS archive(s) mapped at: [0x0000021a27000000-0x0000021a27d00000-0x0000021a27d00000), size 13631488, SharedBaseAddress: 0x0000021a27000000, ArchiveRelocationMode: 1.
Compressed class space mapped at: 0x0000021a28000000-0x0000021a68000000, reserved size: 1073741824
Narrow klass base: 0x0000021a27000000, Narrow klass shift: 0, Narrow klass range: 0x100000000

GC Precious Log:
 CardTable entry size: 512
 Card Set container configuration: InlinePtr #cards 5 size 8 Array Of Cards #cards 12 size 40 Howl #buckets 4 coarsen threshold 1843 Howl Bitmap #cards 512 size 80 coarsen threshold 460 Card regions per heap region 1 cards per card region 2048
 CPUs: 4 total, 4 available
 Memory: 8083M
 Large Page Support: Disabled
 NUMA Support: Disabled
 Compressed Oops: Enabled (32-bit)
 Heap Region Size: 1M
 Heap Min Capacity: 8M
 Heap Initial Capacity: 128M
 Heap Max Capacity: 2022M
 Pre-touch: Disabled
 Parallel Workers: 4
 Concurrent Workers: 1
 Concurrent Refinement Workers: 4
 Periodic GC: Disabled

Heap:
 garbage-first heap   total 131072K, used 5120K [0x0000000081a00000, 0x0000000100000000)
  region size 1024K, 6 young (6144K), 0 survivors (0K)
 Metaspace       used 3205K, committed 3328K, reserved 1114112K
  class space    used 346K, committed 384K, reserved 1048576K

Heap Regions: E=young(eden), S=young(survivor), O=old, HS=humongous(starts), HC=humongous(continues), CS=collection set, F=free, TAMS=top-at-mark-start, PB=parsable bottom
|   0|0x0000000081a00000, 0x0000000081a00000, 0x0000000081b00000|  0%| F|  |TAMS 0x0000000081a00000| PB 0x0000000081a00000| Untracked 
|   1|0x0000000081b00000, 0x0000000081b00000, 0x0000000081c00000|  0%| F|  |TAMS 0x0000000081b00000| PB 0x0000000081b00000| Untracked 
|   2|0x0000000081c00000, 0x0000000081c00000, 0x0000000081d00000|  0%| F|  |TAMS 0x0000000081c00000| PB 0x0000000081c00000| Untracked 
|   3|0x0000000081d00000, 0x0000000081d00000, 0x0000000081e00000|  0%| F|  |TAMS 0x0000000081d00000| PB 0x0000000081d00000| Untracked 
|   4|0x0000000081e00000, 0x0000000081e00000, 0x0000000081f00000|  0%| F|  |TAMS 0x0000000081e00000| PB 0x0000000081e00000| Untracked 
|   5|0x0000000081f00000, 0x0000000081f00000, 0x0000000082000000|  0%| F|  |TAMS 0x0000000081f00000| PB 0x0000000081f00000| Untracked 
|   6|0x0000000082000000, 0x0000000082000000, 0x0000000082100000|  0%| F|  |TAMS 0x0000000082000000| PB 0x0000000082000000| Untracked 
|   7|0x0000000082100000, 0x0000000082100000, 0x0000000082200000|  0%| F|  |TAMS 0x0000000082100000| PB 0x0000000082100000| Untracked 
|   8|0x0000000082200000, 0x0000000082200000, 0x0000000082300000|  0%| F|  |TAMS 0x0000000082200000| PB 0x0000000082200000| Untracked 
|   9|0x0000000082300000, 0x0000000082300000, 0x0000000082400000|  0%| F|  |TAMS 0x0000000082300000| PB 0x0000000082300000| Untracked 
|  10|0x0000000082400000, 0x0000000082400000, 0x0000000082500000|  0%| F|  |TAMS 0x0000000082400000| PB 0x0000000082400000| Untracked 
|  11|0x0000000082500000, 0x0000000082500000, 0x0000000082600000|  0%| F|  |TAMS 0x0000000082500000| PB 0x0000000082500000| Untracked 
|  12|0x0000000082600000, 0x0000000082600000, 0x0000000082700000|  0%| F|  |TAMS 0x0000000082600000| PB 0x0000000082600000| Untracked 
|  13|0x0000000082700000, 0x0000000082700000, 0x0000000082800000|  0%| F|  |TAMS 0x0000000082700000| PB 0x0000000082700000| Untracked 
|  14|0x0000000082800000, 0x0000000082800000, 0x0000000082900000|  0%| F|  |TAMS 0x0000000082800000| PB 0x0000000082800000| Untracked 
|  15|0x0000000082900000, 0x0000000082900000, 0x0000000082a00000|  0%| F|  |TAMS 0x0000000082900000| PB 0x0000000082900000| Untracked 
|  16|0x0000000082a00000, 0x0000000082a00000, 0x0000000082b00000|  0%| F|  |TAMS 0x0000000082a00000| PB 0x0000000082a00000| Untracked 
|  17|0x0000000082b00000, 0x0000000082b00000, 0x0000000082c00000|  0%| F|  |TAMS 0x0000000082b00000| PB 0x0000000082b00000| Untracked 
|  18|0x0000000082c00000, 0x0000000082c00000, 0x0000000082d00000|  0%| F|  |TAMS 0x0000000082c00000| PB 0x0000000082c00000| Untracked 
|  19|0x0000000082d00000, 0x0000000082d00000, 0x0000000082e00000|  0%| F|  |TAMS 0x0000000082d00000| PB 0x0000000082d00000| Untracked 
|  20|0x0000000082e00000, 0x0000000082e00000, 0x0000000082f00000|  0%| F|  |TAMS 0x0000000082e00000| PB 0x0000000082e00000| Untracked 
|  21|0x0000000082f00000, 0x0000000082f00000, 0x0000000083000000|  0%| F|  |TAMS 0x0000000082f00000| PB 0x0000000082f00000| Untracked 
|  22|0x0000000083000000, 0x0000000083000000, 0x0000000083100000|  0%| F|  |TAMS 0x0000000083000000| PB 0x0000000083000000| Untracked 
|  23|0x0000000083100000, 0x0000000083100000, 0x0000000083200000|  0%| F|  |TAMS 0x0000000083100000| PB 0x0000000083100000| Untracked 
|  24|0x0000000083200000, 0x0000000083200000, 0x0000000083300000|  0%| F|  |TAMS 0x0000000083200000| PB 0x0000000083200000| Untracked 
|  25|0x0000000083300000, 0x0000000083300000, 0x0000000083400000|  0%| F|  |TAMS 0x0000000083300000| PB 0x0000000083300000| Untracked 
|  26|0x0000000083400000, 0x0000000083400000, 0x0000000083500000|  0%| F|  |TAMS 0x0000000083400000| PB 0x0000000083400000| Untracked 
|  27|0x0000000083500000, 0x0000000083500000, 0x0000000083600000|  0%| F|  |TAMS 0x0000000083500000| PB 0x0000000083500000| Untracked 
|  28|0x0000000083600000, 0x0000000083600000, 0x0000000083700000|  0%| F|  |TAMS 0x0000000083600000| PB 0x0000000083600000| Untracked 
|  29|0x0000000083700000, 0x0000000083700000, 0x0000000083800000|  0%| F|  |TAMS 0x0000000083700000| PB 0x0000000083700000| Untracked 
|  30|0x0000000083800000, 0x0000000083800000, 0x0000000083900000|  0%| F|  |TAMS 0x0000000083800000| PB 0x0000000083800000| Untracked 
|  31|0x0000000083900000, 0x0000000083900000, 0x0000000083a00000|  0%| F|  |TAMS 0x0000000083900000| PB 0x0000000083900000| Untracked 
|  32|0x0000000083a00000, 0x0000000083a00000, 0x0000000083b00000|  0%| F|  |TAMS 0x0000000083a00000| PB 0x0000000083a00000| Untracked 
|  33|0x0000000083b00000, 0x0000000083b00000, 0x0000000083c00000|  0%| F|  |TAMS 0x0000000083b00000| PB 0x0000000083b00000| Untracked 
|  34|0x0000000083c00000, 0x0000000083c00000, 0x0000000083d00000|  0%| F|  |TAMS 0x0000000083c00000| PB 0x0000000083c00000| Untracked 
|  35|0x0000000083d00000, 0x0000000083d00000, 0x0000000083e00000|  0%| F|  |TAMS 0x0000000083d00000| PB 0x0000000083d00000| Untracked 
|  36|0x0000000083e00000, 0x0000000083e00000, 0x0000000083f00000|  0%| F|  |TAMS 0x0000000083e00000| PB 0x0000000083e00000| Untracked 
|  37|0x0000000083f00000, 0x0000000083f00000, 0x0000000084000000|  0%| F|  |TAMS 0x0000000083f00000| PB 0x0000000083f00000| Untracked 
|  38|0x0000000084000000, 0x0000000084000000, 0x0000000084100000|  0%| F|  |TAMS 0x0000000084000000| PB 0x0000000084000000| Untracked 
|  39|0x0000000084100000, 0x0000000084100000, 0x0000000084200000|  0%| F|  |TAMS 0x0000000084100000| PB 0x0000000084100000| Untracked 
|  40|0x0000000084200000, 0x0000000084200000, 0x0000000084300000|  0%| F|  |TAMS 0x0000000084200000| PB 0x0000000084200000| Untracked 
|  41|0x0000000084300000, 0x0000000084300000, 0x0000000084400000|  0%| F|  |TAMS 0x0000000084300000| PB 0x0000000084300000| Untracked 
|  42|0x0000000084400000, 0x0000000084400000, 0x0000000084500000|  0%| F|  |TAMS 0x0000000084400000| PB 0x0000000084400000| Untracked 
|  43|0x0000000084500000, 0x0000000084500000, 0x0000000084600000|  0%| F|  |TAMS 0x0000000084500000| PB 0x0000000084500000| Untracked 
|  44|0x0000000084600000, 0x0000000084600000, 0x0000000084700000|  0%| F|  |TAMS 0x0000000084600000| PB 0x0000000084600000| Untracked 
|  45|0x0000000084700000, 0x0000000084700000, 0x0000000084800000|  0%| F|  |TAMS 0x0000000084700000| PB 0x0000000084700000| Untracked 
|  46|0x0000000084800000, 0x0000000084800000, 0x0000000084900000|  0%| F|  |TAMS 0x0000000084800000| PB 0x0000000084800000| Untracked 
|  47|0x0000000084900000, 0x0000000084900000, 0x0000000084a00000|  0%| F|  |TAMS 0x0000000084900000| PB 0x0000000084900000| Untracked 
|  48|0x0000000084a00000, 0x0000000084a00000, 0x0000000084b00000|  0%| F|  |TAMS 0x0000000084a00000| PB 0x0000000084a00000| Untracked 
|  49|0x0000000084b00000, 0x0000000084b00000, 0x0000000084c00000|  0%| F|  |TAMS 0x0000000084b00000| PB 0x0000000084b00000| Untracked 
|  50|0x0000000084c00000, 0x0000000084c00000, 0x0000000084d00000|  0%| F|  |TAMS 0x0000000084c00000| PB 0x0000000084c00000| Untracked 
|  51|0x0000000084d00000, 0x0000000084d00000, 0x0000000084e00000|  0%| F|  |TAMS 0x0000000084d00000| PB 0x0000000084d00000| Untracked 
|  52|0x0000000084e00000, 0x0000000084e00000, 0x0000000084f00000|  0%| F|  |TAMS 0x0000000084e00000| PB 0x0000000084e00000| Untracked 
|  53|0x0000000084f00000, 0x0000000084f00000, 0x0000000085000000|  0%| F|  |TAMS 0x0000000084f00000| PB 0x0000000084f00000| Untracked 
|  54|0x0000000085000000, 0x0000000085000000, 0x0000000085100000|  0%| F|  |TAMS 0x0000000085000000| PB 0x0000000085000000| Untracked 
|  55|0x0000000085100000, 0x0000000085100000, 0x0000000085200000|  0%| F|  |TAMS 0x0000000085100000| PB 0x0000000085100000| Untracked 
|  56|0x0000000085200000, 0x0000000085200000, 0x0000000085300000|  0%| F|  |TAMS 0x0000000085200000| PB 0x0000000085200000| Untracked 
|  57|0x0000000085300000, 0x0000000085300000, 0x0000000085400000|  0%| F|  |TAMS 0x0000000085300000| PB 0x0000000085300000| Untracked 
|  58|0x0000000085400000, 0x0000000085400000, 0x0000000085500000|  0%| F|  |TAMS 0x0000000085400000| PB 0x0000000085400000| Untracked 
|  59|0x0000000085500000, 0x0000000085500000, 0x0000000085600000|  0%| F|  |TAMS 0x0000000085500000| PB 0x0000000085500000| Untracked 
|  60|0x0000000085600000, 0x0000000085600000, 0x0000000085700000|  0%| F|  |TAMS 0x0000000085600000| PB 0x0000000085600000| Untracked 
|  61|0x0000000085700000, 0x0000000085700000, 0x0000000085800000|  0%| F|  |TAMS 0x0000000085700000| PB 0x0000000085700000| Untracked 
|  62|0x0000000085800000, 0x0000000085800000, 0x0000000085900000|  0%| F|  |TAMS 0x0000000085800000| PB 0x0000000085800000| Untracked 
|  63|0x0000000085900000, 0x0000000085900000, 0x0000000085a00000|  0%| F|  |TAMS 0x0000000085900000| PB 0x0000000085900000| Untracked 
|  64|0x0000000085a00000, 0x0000000085a00000, 0x0000000085b00000|  0%| F|  |TAMS 0x0000000085a00000| PB 0x0000000085a00000| Untracked 
|  65|0x0000000085b00000, 0x0000000085b00000, 0x0000000085c00000|  0%| F|  |TAMS 0x0000000085b00000| PB 0x0000000085b00000| Untracked 
|  66|0x0000000085c00000, 0x0000000085c00000, 0x0000000085d00000|  0%| F|  |TAMS 0x0000000085c00000| PB 0x0000000085c00000| Untracked 
|  67|0x0000000085d00000, 0x0000000085d00000, 0x0000000085e00000|  0%| F|  |TAMS 0x0000000085d00000| PB 0x0000000085d00000| Untracked 
|  68|0x0000000085e00000, 0x0000000085e00000, 0x0000000085f00000|  0%| F|  |TAMS 0x0000000085e00000| PB 0x0000000085e00000| Untracked 
|  69|0x0000000085f00000, 0x0000000085f00000, 0x0000000086000000|  0%| F|  |TAMS 0x0000000085f00000| PB 0x0000000085f00000| Untracked 
|  70|0x0000000086000000, 0x0000000086000000, 0x0000000086100000|  0%| F|  |TAMS 0x0000000086000000| PB 0x0000000086000000| Untracked 
|  71|0x0000000086100000, 0x0000000086100000, 0x0000000086200000|  0%| F|  |TAMS 0x0000000086100000| PB 0x0000000086100000| Untracked 
|  72|0x0000000086200000, 0x0000000086200000, 0x0000000086300000|  0%| F|  |TAMS 0x0000000086200000| PB 0x0000000086200000| Untracked 
|  73|0x0000000086300000, 0x0000000086300000, 0x0000000086400000|  0%| F|  |TAMS 0x0000000086300000| PB 0x0000000086300000| Untracked 
|  74|0x0000000086400000, 0x0000000086400000, 0x0000000086500000|  0%| F|  |TAMS 0x0000000086400000| PB 0x0000000086400000| Untracked 
|  75|0x0000000086500000, 0x0000000086500000, 0x0000000086600000|  0%| F|  |TAMS 0x0000000086500000| PB 0x0000000086500000| Untracked 
|  76|0x0000000086600000, 0x0000000086600000, 0x0000000086700000|  0%| F|  |TAMS 0x0000000086600000| PB 0x0000000086600000| Untracked 
|  77|0x0000000086700000, 0x0000000086700000, 0x0000000086800000|  0%| F|  |TAMS 0x0000000086700000| PB 0x0000000086700000| Untracked 
|  78|0x0000000086800000, 0x0000000086800000, 0x0000000086900000|  0%| F|  |TAMS 0x0000000086800000| PB 0x0000000086800000| Untracked 
|  79|0x0000000086900000, 0x0000000086900000, 0x0000000086a00000|  0%| F|  |TAMS 0x0000000086900000| PB 0x0000000086900000| Untracked 
|  80|0x0000000086a00000, 0x0000000086a00000, 0x0000000086b00000|  0%| F|  |TAMS 0x0000000086a00000| PB 0x0000000086a00000| Untracked 
|  81|0x0000000086b00000, 0x0000000086b00000, 0x0000000086c00000|  0%| F|  |TAMS 0x0000000086b00000| PB 0x0000000086b00000| Untracked 
|  82|0x0000000086c00000, 0x0000000086c00000, 0x0000000086d00000|  0%| F|  |TAMS 0x0000000086c00000| PB 0x0000000086c00000| Untracked 
|  83|0x0000000086d00000, 0x0000000086d00000, 0x0000000086e00000|  0%| F|  |TAMS 0x0000000086d00000| PB 0x0000000086d00000| Untracked 
|  84|0x0000000086e00000, 0x0000000086e00000, 0x0000000086f00000|  0%| F|  |TAMS 0x0000000086e00000| PB 0x0000000086e00000| Untracked 
|  85|0x0000000086f00000, 0x0000000086f00000, 0x0000000087000000|  0%| F|  |TAMS 0x0000000086f00000| PB 0x0000000086f00000| Untracked 
|  86|0x0000000087000000, 0x0000000087000000, 0x0000000087100000|  0%| F|  |TAMS 0x0000000087000000| PB 0x0000000087000000| Untracked 
|  87|0x0000000087100000, 0x0000000087100000, 0x0000000087200000|  0%| F|  |TAMS 0x0000000087100000| PB 0x0000000087100000| Untracked 
|  88|0x0000000087200000, 0x0000000087200000, 0x0000000087300000|  0%| F|  |TAMS 0x0000000087200000| PB 0x0000000087200000| Untracked 
|  89|0x0000000087300000, 0x0000000087300000, 0x0000000087400000|  0%| F|  |TAMS 0x0000000087300000| PB 0x0000000087300000| Untracked 
|  90|0x0000000087400000, 0x0000000087400000, 0x0000000087500000|  0%| F|  |TAMS 0x0000000087400000| PB 0x0000000087400000| Untracked 
|  91|0x0000000087500000, 0x0000000087500000, 0x0000000087600000|  0%| F|  |TAMS 0x0000000087500000| PB 0x0000000087500000| Untracked 
|  92|0x0000000087600000, 0x0000000087600000, 0x0000000087700000|  0%| F|  |TAMS 0x0000000087600000| PB 0x0000000087600000| Untracked 
|  93|0x0000000087700000, 0x0000000087700000, 0x0000000087800000|  0%| F|  |TAMS 0x0000000087700000| PB 0x0000000087700000| Untracked 
|  94|0x0000000087800000, 0x0000000087800000, 0x0000000087900000|  0%| F|  |TAMS 0x0000000087800000| PB 0x0000000087800000| Untracked 
|  95|0x0000000087900000, 0x0000000087900000, 0x0000000087a00000|  0%| F|  |TAMS 0x0000000087900000| PB 0x0000000087900000| Untracked 
|  96|0x0000000087a00000, 0x0000000087a00000, 0x0000000087b00000|  0%| F|  |TAMS 0x0000000087a00000| PB 0x0000000087a00000| Untracked 
|  97|0x0000000087b00000, 0x0000000087b00000, 0x0000000087c00000|  0%| F|  |TAMS 0x0000000087b00000| PB 0x0000000087b00000| Untracked 
|  98|0x0000000087c00000, 0x0000000087c00000, 0x0000000087d00000|  0%| F|  |TAMS 0x0000000087c00000| PB 0x0000000087c00000| Untracked 
|  99|0x0000000087d00000, 0x0000000087d00000, 0x0000000087e00000|  0%| F|  |TAMS 0x0000000087d00000| PB 0x0000000087d00000| Untracked 
| 100|0x0000000087e00000, 0x0000000087e00000, 0x0000000087f00000|  0%| F|  |TAMS 0x0000000087e00000| PB 0x0000000087e00000| Untracked 
| 101|0x0000000087f00000, 0x0000000087f00000, 0x0000000088000000|  0%| F|  |TAMS 0x0000000087f00000| PB 0x0000000087f00000| Untracked 
| 102|0x0000000088000000, 0x0000000088000000, 0x0000000088100000|  0%| F|  |TAMS 0x0000000088000000| PB 0x0000000088000000| Untracked 
| 103|0x0000000088100000, 0x0000000088100000, 0x0000000088200000|  0%| F|  |TAMS 0x0000000088100000| PB 0x0000000088100000| Untracked 
| 104|0x0000000088200000, 0x0000000088200000, 0x0000000088300000|  0%| F|  |TAMS 0x0000000088200000| PB 0x0000000088200000| Untracked 
| 105|0x0000000088300000, 0x0000000088300000, 0x0000000088400000|  0%| F|  |TAMS 0x0000000088300000| PB 0x0000000088300000| Untracked 
| 106|0x0000000088400000, 0x0000000088400000, 0x0000000088500000|  0%| F|  |TAMS 0x0000000088400000| PB 0x0000000088400000| Untracked 
| 107|0x0000000088500000, 0x0000000088500000, 0x0000000088600000|  0%| F|  |TAMS 0x0000000088500000| PB 0x0000000088500000| Untracked 
| 108|0x0000000088600000, 0x0000000088600000, 0x0000000088700000|  0%| F|  |TAMS 0x0000000088600000| PB 0x0000000088600000| Untracked 
| 109|0x0000000088700000, 0x0000000088700000, 0x0000000088800000|  0%| F|  |TAMS 0x0000000088700000| PB 0x0000000088700000| Untracked 
| 110|0x0000000088800000, 0x0000000088800000, 0x0000000088900000|  0%| F|  |TAMS 0x0000000088800000| PB 0x0000000088800000| Untracked 
| 111|0x0000000088900000, 0x0000000088900000, 0x0000000088a00000|  0%| F|  |TAMS 0x0000000088900000| PB 0x0000000088900000| Untracked 
| 112|0x0000000088a00000, 0x0000000088a00000, 0x0000000088b00000|  0%| F|  |TAMS 0x0000000088a00000| PB 0x0000000088a00000| Untracked 
| 113|0x0000000088b00000, 0x0000000088b00000, 0x0000000088c00000|  0%| F|  |TAMS 0x0000000088b00000| PB 0x0000000088b00000| Untracked 
| 114|0x0000000088c00000, 0x0000000088c00000, 0x0000000088d00000|  0%| F|  |TAMS 0x0000000088c00000| PB 0x0000000088c00000| Untracked 
| 115|0x0000000088d00000, 0x0000000088d00000, 0x0000000088e00000|  0%| F|  |TAMS 0x0000000088d00000| PB 0x0000000088d00000| Untracked 
| 116|0x0000000088e00000, 0x0000000088e00000, 0x0000000088f00000|  0%| F|  |TAMS 0x0000000088e00000| PB 0x0000000088e00000| Untracked 
| 117|0x0000000088f00000, 0x0000000088f00000, 0x0000000089000000|  0%| F|  |TAMS 0x0000000088f00000| PB 0x0000000088f00000| Untracked 
| 118|0x0000000089000000, 0x0000000089000000, 0x0000000089100000|  0%| F|  |TAMS 0x0000000089000000| PB 0x0000000089000000| Untracked 
| 119|0x0000000089100000, 0x0000000089100000, 0x0000000089200000|  0%| F|  |TAMS 0x0000000089100000| PB 0x0000000089100000| Untracked 
| 120|0x0000000089200000, 0x0000000089200000, 0x0000000089300000|  0%| F|  |TAMS 0x0000000089200000| PB 0x0000000089200000| Untracked 
| 121|0x0000000089300000, 0x0000000089300000, 0x0000000089400000|  0%| F|  |TAMS 0x0000000089300000| PB 0x0000000089300000| Untracked 
| 122|0x0000000089400000, 0x0000000089485240, 0x0000000089500000| 52%| E|  |TAMS 0x0000000089400000| PB 0x0000000089400000| Complete 
| 123|0x0000000089500000, 0x0000000089600000, 0x0000000089600000|100%| E|CS|TAMS 0x0000000089500000| PB 0x0000000089500000| Complete 
| 124|0x0000000089600000, 0x0000000089700000, 0x0000000089700000|100%| E|CS|TAMS 0x0000000089600000| PB 0x0000000089600000| Complete 
| 125|0x0000000089700000, 0x0000000089800000, 0x0000000089800000|100%| E|CS|TAMS 0x0000000089700000| PB 0x0000000089700000| Complete 
| 126|0x0000000089800000, 0x0000000089900000, 0x0000000089900000|100%| E|CS|TAMS 0x0000000089800000| PB 0x0000000089800000| Complete 
| 127|0x0000000089900000, 0x0000000089a00000, 0x0000000089a00000|100%| E|CS|TAMS 0x0000000089900000| PB 0x0000000089900000| Complete 

Card table byte_map: [0x0000021a22090000,0x0000021a22490000] _byte_map_base: 0x0000021a21c83000

Marking Bits: (CMBitMap*) 0x0000021a0ed43590
 Bits: [0x0000021a22490000, 0x0000021a24428000)

Polling page: 0x0000021a0e4c0000

Metaspace:

Usage:
  Non-class:      2.79 MB used.
      Class:    346.18 KB used.
       Both:      3.13 MB used.

Virtual space:
  Non-class space:       64.00 MB reserved,       2.88 MB (  4%) committed,  1 nodes.
      Class space:        1.00 GB reserved,     384.00 KB ( <1%) committed,  1 nodes.
             Both:        1.06 GB reserved,       3.25 MB ( <1%) committed. 

Chunk freelists:
   Non-Class:  11.67 MB
       Class:  15.56 MB
        Both:  27.23 MB

MaxMetaspaceSize: unlimited
CompressedClassSpaceSize: 1.00 GB
Initial GC threshold: 21.00 MB
Current GC threshold: 21.00 MB
CDS: on
 - commit_granule_bytes: 65536.
 - commit_granule_words: 8192.
 - virtual_space_node_default_size: 8388608.
 - enlarge_chunks_in_place: 1.
 - use_allocation_guard: 0.


Internal statistics:

num_allocs_failed_limit: 0.
num_arena_births: 56.
num_arena_deaths: 0.
num_vsnodes_births: 2.
num_vsnodes_deaths: 0.
num_space_committed: 52.
num_space_uncommitted: 0.
num_chunks_returned_to_freelist: 0.
num_chunks_taken_from_freelist: 75.
num_chunk_merges: 0.
num_chunk_splits: 54.
num_chunks_enlarged: 39.
num_inconsistent_stats: 0.

CodeHeap 'non-profiled nmethods': size=120000Kb used=163Kb max_used=163Kb free=119836Kb
 bounds [0x0000021a1a760000, 0x0000021a1a9d0000, 0x0000021a21c90000]
CodeHeap 'profiled nmethods': size=120000Kb used=685Kb max_used=685Kb free=119314Kb
 bounds [0x0000021a12c90000, 0x0000021a12f00000, 0x0000021a1a1c0000]
CodeHeap 'non-nmethods': size=5760Kb used=1348Kb max_used=1363Kb free=4411Kb
 bounds [0x0000021a1a1c0000, 0x0000021a1a430000, 0x0000021a1a760000]
 total_blobs=968 nmethods=514 adapters=359
 compilation: enabled
              stopped_count=0, restarted_count=0
 full_count=0

Compilation events (20 events):
Event: 0.363 Thread 0x0000021a26a92c40  494       3       jdk.internal.jimage.ImageStringsReader::stringFromByteBufferMatches (138 bytes)
Event: 0.365 Thread 0x0000021a26a92c40 nmethod 494 0x0000021a12d36890 code [0x0000021a12d36b80, 0x0000021a12d37c58]
Event: 0.365 Thread 0x0000021a26a92c40  496       3       jdk.internal.org.objectweb.asm.ByteVector::put122 (93 bytes)
Event: 0.365 Thread 0x0000021a26a92c40 nmethod 496 0x0000021a12d38390 code [0x0000021a12d38540, 0x0000021a12d387b8]
Event: 0.365 Thread 0x0000021a26a92c40  495       3       java.lang.invoke.MemberName::isStatic (8 bytes)
Event: 0.365 Thread 0x0000021a26a92c40 nmethod 495 0x0000021a12d38990 code [0x0000021a12d38b40, 0x0000021a12d38d00]
Event: 0.366 Thread 0x0000021a26a92c40  497       3       java.util.concurrent.ConcurrentHashMap$Traverser::advance (188 bytes)
Event: 0.366 Thread 0x0000021a2695d5d0  499       4       java.lang.ref.Reference::reachabilityFence (1 bytes)
Event: 0.366 Thread 0x0000021a2695d5d0 nmethod 499 0x0000021a1a786310 code [0x0000021a1a786480, 0x0000021a1a7864e8]
Event: 0.367 Thread 0x0000021a26a92c40 nmethod 497 0x0000021a12d38d90 code [0x0000021a12d38fe0, 0x0000021a12d39b38]
Event: 0.367 Thread 0x0000021a26a92c40  500       3       java.util.Optional::orElse (16 bytes)
Event: 0.367 Thread 0x0000021a26a92c40 nmethod 500 0x0000021a12d39e10 code [0x0000021a12d39fc0, 0x0000021a12d3a140]
Event: 0.367 Thread 0x0000021a26a92c40  501       1       jdk.internal.jimage.ImageHeader::getTableLength (5 bytes)
Event: 0.367 Thread 0x0000021a26a92c40 nmethod 501 0x0000021a1a786610 code [0x0000021a1a7867a0, 0x0000021a1a786868]
Event: 0.368 Thread 0x0000021a26a92c40  502       3       sun.invoke.util.VerifyAccess::isClassAccessible (230 bytes)
Event: 0.369 Thread 0x0000021a26a92c40 nmethod 502 0x0000021a12d3a210 code [0x0000021a12d3a520, 0x0000021a12d3b310]
Event: 0.369 Thread 0x0000021a26a92c40  503       1       java.lang.module.ModuleDescriptor::isOpen (5 bytes)
Event: 0.369 Thread 0x0000021a26a92c40 nmethod 503 0x0000021a1a786910 code [0x0000021a1a786aa0, 0x0000021a1a786b70]
Event: 0.369 Thread 0x0000021a26a92c40  504       3       jdk.internal.org.objectweb.asm.Frame::execute (2305 bytes)
Event: 0.370 Thread 0x0000021a2695d5d0  511       4       jdk.internal.org.objectweb.asm.ByteVector::putUTF8 (144 bytes)

GC Heap History (0 events):
No events

Dll operation events (2 events):
Event: 0.009 Loaded shared library D:\IntelliJ IDEA 2024.3.5\jbr\bin\java.dll
Event: 0.079 Loaded shared library D:\IntelliJ IDEA 2024.3.5\jbr\bin\zip.dll

Deoptimization events (6 events):
Event: 0.224 Thread 0x0000021a0cb1fd20 Uncommon trap: trap_request=0xffffff45 fr.pc=0x0000021a1a77381c relative=0x000000000000007c
Event: 0.224 Thread 0x0000021a0cb1fd20 Uncommon trap: reason=unstable_if action=reinterpret pc=0x0000021a1a77381c method=java.lang.CharacterDataLatin1.toLowerCase(I)I @ 16 c2
Event: 0.224 Thread 0x0000021a0cb1fd20 DEOPT PACKING pc=0x0000021a1a77381c sp=0x000000db8fefaf50
Event: 0.224 Thread 0x0000021a0cb1fd20 DEOPT UNPACKING pc=0x0000021a1a2146a2 sp=0x000000db8fefaee0 mode 2
Event: 0.357 Thread 0x0000021a0cb1fd20 DEOPT PACKING pc=0x0000021a12ccf487 sp=0x000000db8fefc690
Event: 0.357 Thread 0x0000021a0cb1fd20 DEOPT UNPACKING pc=0x0000021a1a214e42 sp=0x000000db8fefbb28 mode 0

Classes loaded (20 events):
Event: 0.367 Loading class jdk/internal/logger/LazyLoggers$JdkLazyLogger
Event: 0.367 Loading class jdk/internal/logger/LazyLoggers$LazyLoggerWrapper
Event: 0.367 Loading class jdk/internal/logger/AbstractLoggerWrapper
Event: 0.367 Loading class jdk/internal/logger/AbstractLoggerWrapper done
Event: 0.367 Loading class jdk/internal/logger/LazyLoggers$LazyLoggerWrapper done
Event: 0.367 Loading class jdk/internal/logger/LazyLoggers$JdkLazyLogger done
Event: 0.367 Loading class jdk/internal/logger/LazyLoggers$LazyLoggerAccessor
Event: 0.367 Loading class jdk/internal/logger/LazyLoggers$LoggerAccessor
Event: 0.367 Loading class jdk/internal/logger/LazyLoggers$LoggerAccessor done
Event: 0.367 Loading class jdk/internal/logger/LazyLoggers$LazyLoggerAccessor done
Event: 0.368 Loading class java/lang/runtime/ObjectMethods
Event: 0.368 Loading class java/lang/runtime/ObjectMethods done
Event: 0.370 Loading class java/lang/invoke/MethodHandleImpl$Makers
Event: 0.371 Loading class java/lang/invoke/MethodHandleImpl$Makers done
Event: 0.371 Loading class java/lang/invoke/MethodHandleImpl$Makers$1
Event: 0.371 Loading class java/lang/invoke/MethodHandleImpl$Makers$1 done
Event: 0.371 Loading class java/lang/invoke/MethodHandleImpl$Makers$2
Event: 0.371 Loading class java/lang/invoke/MethodHandleImpl$Makers$2 done
Event: 0.371 Loading class java/lang/invoke/MethodHandleImpl$Makers$3
Event: 0.371 Loading class java/lang/invoke/MethodHandleImpl$Makers$3 done

Classes unloaded (0 events):
No events

Classes redefined (0 events):
No events

Internal exceptions (13 events):
Event: 0.223 Thread 0x0000021a0cb1fd20 Exception <a 'sun/nio/fs/WindowsException'{0x000000008960d070}> (0x000000008960d070) 
thrown [s\src\hotspot\share\prims\jni.cpp, line 535]
Event: 0.296 Thread 0x0000021a0cb1fd20 Exception <a 'java/lang/NoSuchMethodError'{0x00000000896e9a18}: 'java.lang.Object java.lang.invoke.DirectMethodHandle$Holder.invokeStaticInit(java.lang.Object, int, int, int, int)'> (0x00000000896e9a18) 
thrown [s\src\hotspot\share\interpreter\linkResolver.cpp, line 784]
Event: 0.317 Thread 0x0000021a0cb1fd20 Exception <a 'java/lang/NoSuchMethodError'{0x0000000089520d78}: 'java.lang.Object java.lang.invoke.DirectMethodHandle$Holder.invokeStaticInit(java.lang.Object, java.lang.Object, int, int, int, int)'> (0x0000000089520d78) 
thrown [s\src\hotspot\share\interpreter\linkResolver.cpp, line 784]
Event: 0.342 Thread 0x0000021a0cb1fd20 Exception <a 'java/lang/NoSuchMethodError'{0x00000000895e1798}: 'java.lang.Object java.lang.invoke.DirectMethodHandle$Holder.invokeStatic(java.lang.Object, java.lang.Object, int)'> (0x00000000895e1798) 
thrown [s\src\hotspot\share\interpreter\linkResolver.cpp, line 784]
Event: 0.343 Thread 0x0000021a0cb1fd20 Exception <a 'java/lang/NoSuchMethodError'{0x00000000895e4ca8}: 'java.lang.Object java.lang.invoke.DirectMethodHandle$Holder.invokeStaticInit(java.lang.Object, java.lang.Object, int)'> (0x00000000895e4ca8) 
thrown [s\src\hotspot\share\interpreter\linkResolver.cpp, line 784]
Event: 0.345 Thread 0x0000021a0cb1fd20 Exception <a 'java/lang/NoSuchMethodError'{0x00000000895ea870}: 'java.lang.Object java.lang.invoke.DirectMethodHandle$Holder.newInvokeSpecial(java.lang.Object, java.lang.Object, int)'> (0x00000000895ea870) 
thrown [s\src\hotspot\share\interpreter\linkResolver.cpp, line 784]
Event: 0.347 Thread 0x0000021a0cb1fd20 Exception <a 'java/lang/NoSuchMethodError'{0x00000000895ef4c8}: 'int java.lang.invoke.DirectMethodHandle$Holder.invokeStaticInit(java.lang.Object, java.lang.Object, java.lang.Object)'> (0x00000000895ef4c8) 
thrown [s\src\hotspot\share\interpreter\linkResolver.cpp, line 784]
Event: 0.349 Thread 0x0000021a0cb1fd20 Exception <a 'java/lang/NoSuchMethodError'{0x00000000895fbe10}: 'int java.lang.invoke.DirectMethodHandle$Holder.invokeSpecial(java.lang.Object, java.lang.Object, java.lang.Object)'> (0x00000000895fbe10) 
thrown [s\src\hotspot\share\interpreter\linkResolver.cpp, line 784]
Event: 0.350 Thread 0x0000021a0cb1fd20 Exception <a 'java/lang/NoSuchMethodError'{0x0000000089401ab8}: 'int java.lang.invoke.DirectMethodHandle$Holder.invokeStaticInit(java.lang.Object, java.lang.Object)'> (0x0000000089401ab8) 
thrown [s\src\hotspot\share\interpreter\linkResolver.cpp, line 784]
Event: 0.351 Thread 0x0000021a0cb1fd20 Exception <a 'java/lang/NoSuchMethodError'{0x00000000894074b8}: 'int java.lang.invoke.DirectMethodHandle$Holder.invokeSpecialIFC(java.lang.Object, java.lang.Object, java.lang.Object)'> (0x00000000894074b8) 
thrown [s\src\hotspot\share\interpreter\linkResolver.cpp, line 784]
Event: 0.368 Thread 0x0000021a0cb1fd20 Exception <a 'java/lang/NoSuchMethodError'{0x00000000894394e8}: 'java.lang.Object java.lang.invoke.DirectMethodHandle$Holder.invokeStaticInit(java.lang.Object, java.lang.Object, java.lang.Object, java.lang.Object, java.lang.Object, java.lang.Object, java.lang.Object)'> (0x00000000894394e8) 
thrown [s\src\hotspot\share\interpreter\linkResolver.cpp, line 784]
Event: 0.370 Thread 0x0000021a0cb1fd20 Exception <a 'java/lang/NoSuchMethodError'{0x0000000089442c78}: 'java.lang.Object java.lang.invoke.Invokers$Holder.invoke_MT(java.lang.Object, java.lang.Object, java.lang.Object, java.lang.Object, java.lang.Object, java.lang.Object, java.lang.Object, java.lang.Object, java.lang.Object, java.lang.Object)'> (0x0000000089442c78) 
thrown [s\src\hotspot\share\interpreter\linkResolver.cpp, line 784]
Event: 0.374 Thread 0x0000021a0cb1fd20 Exception <a 'java/lang/NoSuchMethodError'{0x0000000089458518}: 'void java.lang.invoke.DelegatingMethodHandle$Holder.delegate(java.lang.Object, java.lang.Object, int, java.lang.Object)'> (0x0000000089458518) 
thrown [s\src\hotspot\share\interpreter\linkResolver.cpp, line 784]

ZGC Phase Switch (0 events):
No events

VM Operations (6 events):
Event: 0.091 Executing VM operation: HandshakeAllThreads (Deoptimize)
Event: 0.091 Executing VM operation: HandshakeAllThreads (Deoptimize) done
Event: 0.100 Executing VM operation: HandshakeAllThreads (Deoptimize)
Event: 0.100 Executing VM operation: HandshakeAllThreads (Deoptimize) done
Event: 0.304 Executing VM operation: HandshakeAllThreads (Deoptimize)
Event: 0.304 Executing VM operation: HandshakeAllThreads (Deoptimize) done

Memory protections (0 events):
No events

Nmethod flushes (0 events):
No events

Events (15 events):
Event: 0.032 Thread 0x0000021a0cb1fd20 Thread added: 0x0000021a0cb1fd20
Event: 0.052 Thread 0x0000021a0cb1fd20 Thread added: 0x0000021a2692ca80
Event: 0.052 Thread 0x0000021a0cb1fd20 Thread added: 0x0000021a2692d990
Event: 0.052 Thread 0x0000021a0cb1fd20 Thread added: 0x0000021a269310b0
Event: 0.053 Thread 0x0000021a0cb1fd20 Thread added: 0x0000021a269347b0
Event: 0.053 Thread 0x0000021a0cb1fd20 Thread added: 0x0000021a269359a0
Event: 0.053 Thread 0x0000021a0cb1fd20 Thread added: 0x0000021a26936b90
Event: 0.053 Thread 0x0000021a0cb1fd20 Thread added: 0x0000021a2695d5d0
Event: 0.053 Thread 0x0000021a0cb1fd20 Thread added: 0x0000021a26a92c40
Event: 0.077 Thread 0x0000021a0cb1fd20 Thread added: 0x0000021a26bd6580
Event: 0.080 Thread 0x0000021a0cb1fd20 Thread added: 0x0000021a26bdc3f0
Event: 0.083 Loaded shared library D:\IntelliJ IDEA 2024.3.5\jbr\bin\net.dll
Event: 0.084 Loaded shared library D:\IntelliJ IDEA 2024.3.5\jbr\bin\nio.dll
Event: 0.088 Loaded shared library D:\IntelliJ IDEA 2024.3.5\jbr\bin\zip.dll
Event: 0.155 Loaded shared library D:\IntelliJ IDEA 2024.3.5\jbr\bin\jimage.dll


Dynamic libraries:
0x00007ff605070000 - 0x00007ff60507a000 	D:\IntelliJ IDEA 2024.3.5\jbr\bin\java.exe
0x00007ffb7dbb0000 - 0x00007ffb7dda8000 	C:\Windows\SYSTEM32\ntdll.dll
0x00007ffb7ca10000 - 0x00007ffb7cad2000 	C:\Windows\System32\KERNEL32.DLL
0x00007ffb7b4f0000 - 0x00007ffb7b7ef000 	C:\Windows\System32\KERNELBASE.dll
0x00007ffb7ba80000 - 0x00007ffb7bb80000 	C:\Windows\System32\ucrtbase.dll
0x00007ffb766f0000 - 0x00007ffb7670b000 	D:\IntelliJ IDEA 2024.3.5\jbr\bin\VCRUNTIME140.dll
0x00007ffb70da0000 - 0x00007ffb70db8000 	D:\IntelliJ IDEA 2024.3.5\jbr\bin\jli.dll
0x00007ffb7cae0000 - 0x00007ffb7cc7d000 	C:\Windows\System32\USER32.dll
0x00007ffb7b4c0000 - 0x00007ffb7b4e2000 	C:\Windows\System32\win32u.dll
0x00007ffb677b0000 - 0x00007ffb67a4a000 	C:\Windows\WinSxS\amd64_microsoft.windows.common-controls_6595b64144ccf1df_6.0.19041.4355_none_60b8b9eb71f62e16\COMCTL32.dll
0x00007ffb7cd50000 - 0x00007ffb7cd7b000 	C:\Windows\System32\GDI32.dll
0x00007ffb7dad0000 - 0x00007ffb7db6e000 	C:\Windows\System32\msvcrt.dll
0x00007ffb7b2f0000 - 0x00007ffb7b40a000 	C:\Windows\System32\gdi32full.dll
0x00007ffb7b9e0000 - 0x00007ffb7ba7d000 	C:\Windows\System32\msvcp_win.dll
0x00007ffb7bd80000 - 0x00007ffb7bdaf000 	C:\Windows\System32\IMM32.DLL
0x00007ffb768c0000 - 0x00007ffb768cc000 	D:\IntelliJ IDEA 2024.3.5\jbr\bin\vcruntime140_1.dll
0x00007ffb4f0f0000 - 0x00007ffb4f17d000 	D:\IntelliJ IDEA 2024.3.5\jbr\bin\msvcp140.dll
0x00007ffb42780000 - 0x00007ffb43541000 	D:\IntelliJ IDEA 2024.3.5\jbr\bin\server\jvm.dll
0x00007ffb7c2f0000 - 0x00007ffb7c39f000 	C:\Windows\System32\ADVAPI32.dll
0x00007ffb7bdb0000 - 0x00007ffb7be4f000 	C:\Windows\System32\sechost.dll
0x00007ffb7bf80000 - 0x00007ffb7c0a3000 	C:\Windows\System32\RPCRT4.dll
0x00007ffb7b2c0000 - 0x00007ffb7b2e7000 	C:\Windows\System32\bcrypt.dll
0x00007ffb7cc80000 - 0x00007ffb7cceb000 	C:\Windows\System32\WS2_32.dll
0x00007ffb7a7e0000 - 0x00007ffb7a82b000 	C:\Windows\SYSTEM32\POWRPROF.dll
0x00007ffb69c00000 - 0x00007ffb69c0a000 	C:\Windows\SYSTEM32\VERSION.dll
0x00007ffb653d0000 - 0x00007ffb653f7000 	C:\Windows\SYSTEM32\WINMM.dll
0x00007ffb7a650000 - 0x00007ffb7a662000 	C:\Windows\SYSTEM32\UMPDC.dll
0x00007ffb79aa0000 - 0x00007ffb79ab2000 	C:\Windows\SYSTEM32\kernel.appcore.dll
0x00007ffb767c0000 - 0x00007ffb767ca000 	D:\IntelliJ IDEA 2024.3.5\jbr\bin\jimage.dll
0x00007ffb79740000 - 0x00007ffb79924000 	C:\Windows\SYSTEM32\DBGHELP.DLL
0x00007ffb64cf0000 - 0x00007ffb64d24000 	C:\Windows\SYSTEM32\dbgcore.DLL
0x00007ffb7b950000 - 0x00007ffb7b9d2000 	C:\Windows\System32\bcryptPrimitives.dll
0x00007ffb76690000 - 0x00007ffb766b0000 	D:\IntelliJ IDEA 2024.3.5\jbr\bin\java.dll
0x00007ffb7d280000 - 0x00007ffb7d9ed000 	C:\Windows\System32\SHELL32.dll
0x00007ffb78ec0000 - 0x00007ffb79664000 	C:\Windows\SYSTEM32\windows.storage.dll
0x00007ffb7cf20000 - 0x00007ffb7d275000 	C:\Windows\System32\combase.dll
0x00007ffb7ac80000 - 0x00007ffb7acab000 	C:\Windows\SYSTEM32\Wldp.dll
0x00007ffb7c8d0000 - 0x00007ffb7c99d000 	C:\Windows\System32\OLEAUT32.dll
0x00007ffb7c3a0000 - 0x00007ffb7c44d000 	C:\Windows\System32\SHCORE.dll
0x00007ffb7ccf0000 - 0x00007ffb7cd45000 	C:\Windows\System32\shlwapi.dll
0x00007ffb7b180000 - 0x00007ffb7b1a5000 	C:\Windows\SYSTEM32\profapi.dll
0x00007ffb76650000 - 0x00007ffb76668000 	D:\IntelliJ IDEA 2024.3.5\jbr\bin\zip.dll
0x00007ffb766e0000 - 0x00007ffb766f0000 	D:\IntelliJ IDEA 2024.3.5\jbr\bin\net.dll
0x00007ffb70e90000 - 0x00007ffb70f9a000 	C:\Windows\SYSTEM32\WINHTTP.dll
0x00007ffb7a9e0000 - 0x00007ffb7aa4c000 	C:\Windows\system32\mswsock.dll
0x00007ffb76630000 - 0x00007ffb76646000 	D:\IntelliJ IDEA 2024.3.5\jbr\bin\nio.dll
0x00007ffb7abe0000 - 0x00007ffb7abf8000 	C:\Windows\SYSTEM32\CRYPTSP.dll
0x00007ffb7a290000 - 0x00007ffb7a2c8000 	C:\Windows\system32\rsaenh.dll
0x00007ffb7b140000 - 0x00007ffb7b16e000 	C:\Windows\SYSTEM32\USERENV.dll
0x00007ffb7abd0000 - 0x00007ffb7abdc000 	C:\Windows\SYSTEM32\CRYPTBASE.dll
0x00007ffb7a670000 - 0x00007ffb7a6ab000 	C:\Windows\SYSTEM32\IPHLPAPI.DLL
0x00007ffb7bf70000 - 0x00007ffb7bf78000 	C:\Windows\System32\NSI.dll

dbghelp: loaded successfully - version: 4.0.5 - missing functions: none
symbol engine: initialized successfully - sym options: 0x614 - pdb path: .;D:\IntelliJ IDEA 2024.3.5\jbr\bin;C:\Windows\SYSTEM32;C:\Windows\WinSxS\amd64_microsoft.windows.common-controls_6595b64144ccf1df_6.0.19041.4355_none_60b8b9eb71f62e16;D:\IntelliJ IDEA 2024.3.5\jbr\bin\server

VM Arguments:
java_command: git4idea.http.GitAskPassApp Username for 'https://github.com': 
java_class_path (initial): D:/IntelliJ IDEA 2024.3.5/plugins/vcs-git/lib/git4idea-rt.jar;D:/IntelliJ IDEA 2024.3.5/lib/externalProcess-rt.jar
Launcher Type: SUN_STANDARD

[Global flags]
     intx CICompilerCount                          = 3                                         {product} {ergonomic}
     uint ConcGCThreads                            = 1                                         {product} {ergonomic}
     uint G1ConcRefinementThreads                  = 4                                         {product} {ergonomic}
   size_t G1HeapRegionSize                         = 1048576                                   {product} {ergonomic}
    uintx GCDrainStackTargetSize                   = 64                                        {product} {ergonomic}
   size_t InitialHeapSize                          = 134217728                                 {product} {ergonomic}
   size_t MarkStackSize                            = 4194304                                   {product} {ergonomic}
   size_t MaxHeapSize                              = 2120220672                                {product} {ergonomic}
   size_t MaxNewSize                               = 1271922688                                {product} {ergonomic}
   size_t MinHeapDeltaBytes                        = 1048576                                   {product} {ergonomic}
   size_t MinHeapSize                              = 8388608                                   {product} {ergonomic}
    uintx NonNMethodCodeHeapSize                   = 5832780                                {pd product} {ergonomic}
    uintx NonProfiledCodeHeapSize                  = 122912730                              {pd product} {ergonomic}
    uintx ProfiledCodeHeapSize                     = 122912730                              {pd product} {ergonomic}
    uintx ReservedCodeCacheSize                    = 251658240                              {pd product} {ergonomic}
     bool SegmentedCodeCache                       = true                                      {product} {ergonomic}
   size_t SoftMaxHeapSize                          = 2120220672                             {manageable} {ergonomic}
     bool UseCompressedOops                        = true                           {product lp64_product} {ergonomic}
     bool UseG1GC                                  = true                                      {product} {ergonomic}
     bool UseLargePagesIndividualAllocation        = false                                  {pd product} {ergonomic}

Logging:
Log output configuration:
 #0: stdout all=warning uptime,level,tags foldmultilines=false
 #1: stderr all=off uptime,level,tags foldmultilines=false

Environment Variables:
JAVA_HOME=C:\Program Files\Java\jre-1.8
PATH=C:\Program Files\Git\mingw64\libexec\git-core;C:\Program Files\Git\mingw64\libexec\git-core;C:\Program Files\Git\mingw64\bin;C:\Program Files\Git\usr\bin;C:\Users\VIP\bin;C:\Program Files\Common Files\Oracle\Java\javapath;C:\Program Files (x86)\Common Files\Oracle\Java\java8path;C:\Program Files (x86)\Common Files\Oracle\Java\javapath;C:\Windows\system32;C:\Windows;C:\Windows\System32\Wbem;C:\Windows\System32\WindowsPowerShell\v1.0;C:\Windows\System32\OpenSSH;C:\Program Files\MATLAB\R2023b\bin;C:\Program Files\Java\jdk-22;C:\Program Files\Java\jre-1.8\bin;C:\xampp\php;C:\ProgramData\ComposerSetup\bin;C:\Users\VIP\AppData\Roaming\nvm;C:\nvm4w\nodejs;C:\Program Files\Git\cmd;C:\Users\VIP\AppData\Local\Microsoft\WindowsApps;C:\Program Files\Java\jdk-22\bin;C:\Program Files\Java\jre-1.8\bin;C:\Users\VIP\AppData\Roaming\Composer\vendor\bin;C:\Users\VIP\Documents\Git-2.47.0.2-64-bit.exe\bin;D:\XM\php;C:\Users\VIP\AppData\Roaming\nvm;C:\nvm4w\nodejs;C:\Users\VIP\AppData\Roaming\nvm;C:\Program Files\nodejs;D:\flutter_windows_3.29.2-stable\flutter\bin
USERNAME=VIP
DISPLAY=:0.0
LC_ALL=en_US.UTF-8
TERM=xterm-256color
TMPDIR=D:\temp
OS=Windows_NT
PROCESSOR_IDENTIFIER=Intel64 Family 6 Model 78 Stepping 3, GenuineIntel
TMP=C:\Users\VIP\AppData\Local\Temp
TEMP=C:\Users\VIP\AppData\Local\Temp




Periodic native trim disabled

JNI global refs:
JNI global refs: 17, weak refs: 0

JNI global refs memory usage: 835, weak refs: 201

Process memory usage:
Resident Set Size: 50380K (0% of 8277748K total physical memory with 1740720K free physical memory)

OOME stack traces (most recent first):
Classloader memory used:
Loader bootstrap                                                                       : 2884K
Loader jdk.internal.loader.ClassLoaders$PlatformClassLoader                            : 305K
Loader jdk.internal.loader.ClassLoaders$AppClassLoader                                 : 16400B

---------------  S Y S T E M  ---------------

OS:
 Windows 10 , 64 bit Build 19041 (10.0.19041.5438)
OS uptime: 3 days 18:31 hours

CPU: total 4 (initial active 4) (2 cores per cpu, 2 threads per core) family 6 model 78 stepping 3 microcode 0xd6, cx8, cmov, fxsr, ht, mmx, 3dnowpref, sse, sse2, sse3, ssse3, sse4.1, sse4.2, popcnt, lzcnt, tsc, tscinvbit, avx, avx2, aes, erms, clmul, bmi1, bmi2, rtm, adx, fma, vzeroupper, clflush, clflushopt, rdtscp, f16c
Processor Information for the first 4 processors :
  Max Mhz: 2801, Current Mhz: 2801, Mhz Limit: 2801

Memory: 4k page, system-wide physical 8083M (1699M free)
TotalPageFile size 15827M (AvailPageFile size 3M)
current process WorkingSet (physical memory assigned to process): 49M, peak: 49M
current process commit charge ("private bytes"): 206M, peak: 207M

vm_info: OpenJDK 64-Bit Server VM (21.0.6+8-b631.39) for windows-amd64 JRE (21.0.6+8-b631.39), built on 2025-02-04 by "builduser" with MS VC++ 16.10 / 16.11 (VS2019)

END.
